<?xml version="1.0" encoding="UTF-8" ?>
<testsuite failures="0" time="0.048" errors="0" skipped="0" tests="11" name="com.citi.exercise.epizza.PizzaBuilderTest">
  <properties>
    <property name="java.runtime.name" value="Java(TM) SE Runtime Environment"/>
    <property name="sun.boot.library.path" value="C:\Program Files\Java\jdk1.7.0_11\jre\bin"/>
    <property name="java.vm.version" value="23.6-b04"/>
    <property name="java.vm.vendor" value="Oracle Corporation"/>
    <property name="java.vendor.url" value="http://java.oracle.com/"/>
    <property name="path.separator" value=";"/>
    <property name="java.vm.name" value="Java HotSpot(TM) 64-Bit Server VM"/>
    <property name="file.encoding.pkg" value="sun.io"/>
    <property name="user.script" value=""/>
    <property name="user.country" value="US"/>
    <property name="sun.java.launcher" value="SUN_STANDARD"/>
    <property name="sun.os.patch.level" value=""/>
    <property name="java.vm.specification.name" value="Java Virtual Machine Specification"/>
    <property name="user.dir" value="C:\Users\Suraj\EPizza\Epizza"/>
    <property name="java.runtime.version" value="1.7.0_11-b21"/>
    <property name="java.awt.graphicsenv" value="sun.awt.Win32GraphicsEnvironment"/>
    <property name="basedir" value="C:\Users\Suraj\EPizza\Epizza"/>
    <property name="java.endorsed.dirs" value="C:\Program Files\Java\jdk1.7.0_11\jre\lib\endorsed"/>
    <property name="os.arch" value="amd64"/>
    <property name="surefire.real.class.path" value="C:\Users\Suraj\EPizza\Epizza\target\surefire\surefirebooter1284292539377669623.jar"/>
    <property name="java.io.tmpdir" value="C:\Users\Suraj\AppData\Local\Temp\"/>
    <property name="line.separator" value="
"/>
    <property name="java.vm.specification.vendor" value="Oracle Corporation"/>
    <property name="user.variant" value=""/>
    <property name="os.name" value="Windows 8"/>
    <property name="sun.jnu.encoding" value="Cp1252"/>
    <property name="java.library.path" value="C:\Program Files\Java\jdk1.7.0_11\jre\bin;C:\WINDOWS\Sun\Java\bin;C:\WINDOWS\system32;C:\WINDOWS;C:\Program Files\Common Files\Microsoft Shared\Windows Live;C:\Program Files (x86)\Common Files\Microsoft Shared\Windows Live;C:\WINDOWS\system32;C:\WINDOWS;C:\WINDOWS\System32\Wbem;C:\WINDOWS\System32\WindowsPowerShell\v1.0\;C:\Program Files\WIDCOMM\Bluetooth Software\;C:\Program Files\WIDCOMM\Bluetooth Software\syswow64;C:\Program Files\Intel\WiFi\bin\;C:\Program Files\Common Files\Intel\WirelessCommon\;C:\Program Files (x86)\Sony\VAIO Startup Setting Tool;C:\Program Files\Java\jdk1.7.0_11\bin;C:\Suraj\Java Tools\Subversion\bin;C:\Suraj\Java Tools\apache-maven-3.0.2\bin;C:\Program Files (x86)\Windows Live\Shared;C:\Program Files\TortoiseSVN\bin;C:\Suraj\Java Tools\apache-ant-1.8.2\bin;C:\Program Files\Microsoft\Web Platform Installer\;C:\Program Files (x86)\Microsoft ASP.NET\ASP.NET Web Pages\v1.0\;C:\Program Files\Microsoft SQL Server\110\Tools\Binn\;;."/>
    <property name="surefire.test.class.path" value="C:\Users\Suraj\EPizza\Epizza\target\test-classes;C:\Users\Suraj\EPizza\Epizza\target\classes;C:\Users\Suraj\.m2\repository\junit\junit\4.9\junit-4.9.jar;C:\Users\Suraj\.m2\repository\org\hamcrest\hamcrest-core\1.1\hamcrest-core-1.1.jar;"/>
    <property name="java.specification.name" value="Java Platform API Specification"/>
    <property name="java.class.version" value="51.0"/>
    <property name="sun.management.compiler" value="HotSpot 64-Bit Tiered Compilers"/>
    <property name="os.version" value="6.2"/>
    <property name="user.home" value="C:\Users\Suraj"/>
    <property name="user.timezone" value=""/>
    <property name="java.awt.printerjob" value="sun.awt.windows.WPrinterJob"/>
    <property name="java.specification.version" value="1.7"/>
    <property name="file.encoding" value="Cp1252"/>
    <property name="user.name" value="Suraj"/>
    <property name="java.class.path" value="C:\Users\Suraj\EPizza\Epizza\target\test-classes;C:\Users\Suraj\EPizza\Epizza\target\classes;C:\Users\Suraj\.m2\repository\junit\junit\4.9\junit-4.9.jar;C:\Users\Suraj\.m2\repository\org\hamcrest\hamcrest-core\1.1\hamcrest-core-1.1.jar;"/>
    <property name="java.vm.specification.version" value="1.7"/>
    <property name="sun.arch.data.model" value="64"/>
    <property name="java.home" value="C:\Program Files\Java\jdk1.7.0_11\jre"/>
    <property name="sun.java.command" value="C:\Users\Suraj\EPizza\Epizza\target\surefire\surefirebooter1284292539377669623.jar C:\Users\Suraj\EPizza\Epizza\target\surefire\surefire7448010000891370574tmp C:\Users\Suraj\EPizza\Epizza\target\surefire\surefire1567706397655397125tmp"/>
    <property name="java.specification.vendor" value="Oracle Corporation"/>
    <property name="user.language" value="en"/>
    <property name="awt.toolkit" value="sun.awt.windows.WToolkit"/>
    <property name="java.vm.info" value="mixed mode"/>
    <property name="java.version" value="1.7.0_11"/>
    <property name="java.ext.dirs" value="C:\Program Files\Java\jdk1.7.0_11\jre\lib\ext;C:\WINDOWS\Sun\Java\lib\ext"/>
    <property name="sun.boot.class.path" value="C:\Program Files\Java\jdk1.7.0_11\jre\lib\resources.jar;C:\Program Files\Java\jdk1.7.0_11\jre\lib\rt.jar;C:\Program Files\Java\jdk1.7.0_11\jre\lib\sunrsasign.jar;C:\Program Files\Java\jdk1.7.0_11\jre\lib\jsse.jar;C:\Program Files\Java\jdk1.7.0_11\jre\lib\jce.jar;C:\Program Files\Java\jdk1.7.0_11\jre\lib\charsets.jar;C:\Program Files\Java\jdk1.7.0_11\jre\lib\jfr.jar;C:\Program Files\Java\jdk1.7.0_11\jre\classes"/>
    <property name="java.vendor" value="Oracle Corporation"/>
    <property name="localRepository" value="C:\Users\Suraj\.m2\repository"/>
    <property name="file.separator" value="\"/>
    <property name="java.vendor.url.bug" value="http://bugreport.sun.com/bugreport/"/>
    <property name="sun.cpu.endian" value="little"/>
    <property name="sun.io.unicode.encoding" value="UnicodeLittle"/>
    <property name="sun.desktop" value="windows"/>
    <property name="sun.cpu.isalist" value="amd64"/>
  </properties>
  <testcase time="0" classname="com.citi.exercise.epizza.PizzaBuilderTest" name="testNoExtraChargesForSauce"/>
  <testcase time="0.016" classname="com.citi.exercise.epizza.PizzaBuilderTest" name="testBuildLargePanCrustMargarita2ToppingCreamDoublePizza"/>
  <testcase time="0" classname="com.citi.exercise.epizza.PizzaBuilderTest" name="testBuildSmallNormalCrustMargarita3ToppingMozzarellaPizza"/>
  <testcase time="0" classname="com.citi.exercise.epizza.PizzaBuilderTest" name="testFirstTwoToppingsFreeOfCost"/>
  <testcase time="0" classname="com.citi.exercise.epizza.PizzaBuilderTest" name="testPizzaPriceWithNoDoubleCheese"/>
  <testcase time="0" classname="com.citi.exercise.epizza.PizzaBuilderTest" name="testPizzaPriceWithDoubleCheese"/>
  <testcase time="0" classname="com.citi.exercise.epizza.PizzaBuilderTest" name="testCrustPricesForLargeSizeOfPizza"/>
  <testcase time="0" classname="com.citi.exercise.epizza.PizzaBuilderTest" name="testPriceForPizzaWithAllToppings"/>
  <testcase time="0" classname="com.citi.exercise.epizza.PizzaBuilderTest" name="testCrustPricesForMediumSizeOfPizza"/>
  <testcase time="0" classname="com.citi.exercise.epizza.PizzaBuilderTest" name="testCrustPricesForSmallSizeOfPizza"/>
  <testcase time="0" classname="com.citi.exercise.epizza.PizzaBuilderTest" name="testPriceForPizzaWithThreeToppings"/>
</testsuite>